{"/Users/keremfirat/Documents/GitHub/cs308-team-29/backend/lib/invoice.js": {"path":"/Users/keremfirat/Documents/GitHub/cs308-team-29/backend/lib/invoice.js","statementMap":{"0":{"start":{"line":2,"column":2},"end":{"line":2,"column":41}},"1":{"start":{"line":6,"column":17},"end":{"line":6,"column":76}},"2":{"start":{"line":7,"column":20},"end":{"line":7,"column":76}},"3":{"start":{"line":8,"column":12},"end":{"line":8,"column":38}},"4":{"start":{"line":9,"column":12},"end":{"line":9,"column":64}},"5":{"start":{"line":10,"column":12},"end":{"line":10,"column":59}},"6":{"start":{"line":11,"column":2},"end":{"line":11,"column":50}},"7":{"start":{"line":15,"column":2},"end":{"line":17,"column":3}},"8":{"start":{"line":16,"column":4},"end":{"line":16,"column":41}},"9":{"start":{"line":18,"column":2},"end":{"line":20,"column":3}},"10":{"start":{"line":19,"column":4},"end":{"line":19,"column":61}},"11":{"start":{"line":22,"column":16},"end":{"line":32,"column":4}},"12":{"start":{"line":23,"column":22},"end":{"line":23,"column":64}},"13":{"start":{"line":24,"column":4},"end":{"line":31,"column":6}},"14":{"start":{"line":34,"column":19},"end":{"line":34,"column":65}},"15":{"start":{"line":34,"column":44},"end":{"line":34,"column":61}},"16":{"start":{"line":36,"column":2},"end":{"line":44,"column":4}},"17":{"start":{"line":47,"column":0},"end":{"line":47,"column":73}}},"fnMap":{"0":{"name":"formatCurrency","decl":{"start":{"line":1,"column":9},"end":{"line":1,"column":23}},"loc":{"start":{"line":1,"column":31},"end":{"line":3,"column":1}},"line":1},"1":{"name":"buildInvoiceNumber","decl":{"start":{"line":5,"column":9},"end":{"line":5,"column":27}},"loc":{"start":{"line":5,"column":35},"end":{"line":12,"column":1}},"line":5},"2":{"name":"generateInvoice","decl":{"start":{"line":14,"column":9},"end":{"line":14,"column":24}},"loc":{"start":{"line":14,"column":32},"end":{"line":45,"column":1}},"line":14},"3":{"name":"(anonymous_3)","decl":{"start":{"line":22,"column":32},"end":{"line":22,"column":33}},"loc":{"start":{"line":22,"column":42},"end":{"line":32,"column":3}},"line":22},"4":{"name":"(anonymous_4)","decl":{"start":{"line":34,"column":32},"end":{"line":34,"column":33}},"loc":{"start":{"line":34,"column":44},"end":{"line":34,"column":61}},"line":34}},"branchMap":{"0":{"loc":{"start":{"line":6,"column":24},"end":{"line":6,"column":51}},"type":"binary-expr","locations":[{"start":{"line":6,"column":24},"end":{"line":6,"column":33}},{"start":{"line":6,"column":37},"end":{"line":6,"column":45}},{"start":{"line":6,"column":49},"end":{"line":6,"column":51}}],"line":6},"1":{"loc":{"start":{"line":7,"column":20},"end":{"line":7,"column":76}},"type":"cond-expr","locations":[{"start":{"line":7,"column":38},"end":{"line":7,"column":63}},{"start":{"line":7,"column":66},"end":{"line":7,"column":76}}],"line":7},"2":{"loc":{"start":{"line":11,"column":29},"end":{"line":11,"column":47}},"type":"binary-expr","locations":[{"start":{"line":11,"column":29},"end":{"line":11,"column":35}},{"start":{"line":11,"column":39},"end":{"line":11,"column":47}}],"line":11},"3":{"loc":{"start":{"line":15,"column":2},"end":{"line":17,"column":3}},"type":"if","locations":[{"start":{"line":15,"column":2},"end":{"line":17,"column":3}},{"start":{},"end":{}}],"line":15},"4":{"loc":{"start":{"line":15,"column":6},"end":{"line":15,"column":41}},"type":"binary-expr","locations":[{"start":{"line":15,"column":6},"end":{"line":15,"column":12}},{"start":{"line":15,"column":16},"end":{"line":15,"column":41}}],"line":15},"5":{"loc":{"start":{"line":18,"column":2},"end":{"line":20,"column":3}},"type":"if","locations":[{"start":{"line":18,"column":2},"end":{"line":20,"column":3}},{"start":{},"end":{}}],"line":18},"6":{"loc":{"start":{"line":18,"column":6},"end":{"line":18,"column":61}},"type":"binary-expr","locations":[{"start":{"line":18,"column":6},"end":{"line":18,"column":33}},{"start":{"line":18,"column":37},"end":{"line":18,"column":61}}],"line":18},"7":{"loc":{"start":{"line":38,"column":14},"end":{"line":38,"column":98}},"type":"cond-expr","locations":[{"start":{"line":38,"column":32},"end":{"line":38,"column":71}},{"start":{"line":38,"column":74},"end":{"line":38,"column":98}}],"line":38},"8":{"loc":{"start":{"line":39,"column":21},"end":{"line":39,"column":50}},"type":"binary-expr","locations":[{"start":{"line":39,"column":21},"end":{"line":39,"column":42}},{"start":{"line":39,"column":46},"end":{"line":39,"column":50}}],"line":39}},"s":{"0":11,"1":5,"2":5,"3":5,"4":5,"5":5,"6":5,"7":6,"8":1,"9":5,"10":2,"11":3,"12":6,"13":6,"14":3,"15":6,"16":3,"17":1},"f":{"0":11,"1":5,"2":6,"3":6,"4":6},"b":{"0":[5,1,1],"1":[5,0],"2":[5,1],"3":[1,5],"4":[6,5],"5":[2,3],"6":[5,4],"7":[3,0],"8":[3,0]},"_coverageSchema":"1a1c01bbd47fc00a2c39e90264f33305004495a9","hash":"b615fa90e2068ee52a22ea0a440c16a35eef84a4"}
,"/Users/keremfirat/Documents/GitHub/cs308-team-29/backend/lib/validateOrder.js": {"path":"/Users/keremfirat/Documents/GitHub/cs308-team-29/backend/lib/validateOrder.js","statementMap":{"0":{"start":{"line":1,"column":32},"end":{"line":1,"column":88}},"1":{"start":{"line":4,"column":2},"end":{"line":6,"column":3}},"2":{"start":{"line":5,"column":4},"end":{"line":5,"column":68}},"3":{"start":{"line":8,"column":2},"end":{"line":10,"column":3}},"4":{"start":{"line":9,"column":4},"end":{"line":9,"column":81}},"5":{"start":{"line":12,"column":31},"end":{"line":12,"column":33}},"6":{"start":{"line":13,"column":2},"end":{"line":19,"column":3}},"7":{"start":{"line":14,"column":18},"end":{"line":14,"column":40}},"8":{"start":{"line":15,"column":4},"end":{"line":17,"column":5}},"9":{"start":{"line":16,"column":6},"end":{"line":16,"column":72}},"10":{"start":{"line":18,"column":4},"end":{"line":18,"column":47}},"11":{"start":{"line":21,"column":14},"end":{"line":21,"column":76}},"12":{"start":{"line":21,"column":34},"end":{"line":21,"column":59}},"13":{"start":{"line":22,"column":2},"end":{"line":24,"column":3}},"14":{"start":{"line":23,"column":4},"end":{"line":23,"column":104}},"15":{"start":{"line":26,"column":2},"end":{"line":30,"column":3}},"16":{"start":{"line":27,"column":4},"end":{"line":29,"column":5}},"17":{"start":{"line":28,"column":6},"end":{"line":28,"column":91}},"18":{"start":{"line":32,"column":2},"end":{"line":32,"column":87}},"19":{"start":{"line":35,"column":0},"end":{"line":35,"column":65}}},"fnMap":{"0":{"name":"validateOrderInput","decl":{"start":{"line":3,"column":9},"end":{"line":3,"column":27}},"loc":{"start":{"line":3,"column":56},"end":{"line":33,"column":1}},"line":3},"1":{"name":"(anonymous_1)","decl":{"start":{"line":21,"column":24},"end":{"line":21,"column":25}},"loc":{"start":{"line":21,"column":34},"end":{"line":21,"column":59}},"line":21}},"branchMap":{"0":{"loc":{"start":{"line":4,"column":2},"end":{"line":6,"column":3}},"type":"if","locations":[{"start":{"line":4,"column":2},"end":{"line":6,"column":3}},{"start":{},"end":{}}],"line":4},"1":{"loc":{"start":{"line":4,"column":6},"end":{"line":4,"column":49}},"type":"binary-expr","locations":[{"start":{"line":4,"column":6},"end":{"line":4,"column":27}},{"start":{"line":4,"column":31},"end":{"line":4,"column":49}}],"line":4},"2":{"loc":{"start":{"line":8,"column":2},"end":{"line":10,"column":3}},"type":"if","locations":[{"start":{"line":8,"column":2},"end":{"line":10,"column":3}},{"start":{},"end":{}}],"line":8},"3":{"loc":{"start":{"line":8,"column":6},"end":{"line":8,"column":61}},"type":"binary-expr","locations":[{"start":{"line":8,"column":6},"end":{"line":8,"column":22}},{"start":{"line":8,"column":26},"end":{"line":8,"column":61}}],"line":8},"4":{"loc":{"start":{"line":15,"column":4},"end":{"line":17,"column":5}},"type":"if","locations":[{"start":{"line":15,"column":4},"end":{"line":17,"column":5}},{"start":{},"end":{}}],"line":15},"5":{"loc":{"start":{"line":15,"column":8},"end":{"line":15,"column":50}},"type":"binary-expr","locations":[{"start":{"line":15,"column":8},"end":{"line":15,"column":33}},{"start":{"line":15,"column":37},"end":{"line":15,"column":50}}],"line":15},"6":{"loc":{"start":{"line":21,"column":34},"end":{"line":21,"column":59}},"type":"binary-expr","locations":[{"start":{"line":21,"column":34},"end":{"line":21,"column":41}},{"start":{"line":21,"column":45},"end":{"line":21,"column":59}}],"line":21},"7":{"loc":{"start":{"line":22,"column":2},"end":{"line":24,"column":3}},"type":"if","locations":[{"start":{"line":22,"column":2},"end":{"line":24,"column":3}},{"start":{},"end":{}}],"line":22},"8":{"loc":{"start":{"line":27,"column":4},"end":{"line":29,"column":5}},"type":"if","locations":[{"start":{"line":27,"column":4},"end":{"line":29,"column":5}},{"start":{},"end":{}}],"line":27},"9":{"loc":{"start":{"line":27,"column":8},"end":{"line":27,"column":61}},"type":"binary-expr","locations":[{"start":{"line":27,"column":8},"end":{"line":27,"column":40}},{"start":{"line":27,"column":44},"end":{"line":27,"column":61}}],"line":27}},"s":{"0":1,"1":9,"2":2,"3":7,"4":1,"5":6,"6":6,"7":28,"8":28,"9":1,"10":27,"11":5,"12":7,"13":5,"14":1,"15":4,"16":6,"17":2,"18":2,"19":1},"f":{"0":9,"1":7},"b":{"0":[2,7],"1":[9,8],"2":[1,6],"3":[7,6],"4":[1,27],"5":[28,28],"6":[7,2],"7":[1,4],"8":[2,4],"9":[6,5]},"_coverageSchema":"1a1c01bbd47fc00a2c39e90264f33305004495a9","hash":"79770692baa25bca295d3754260db8d5ae01d8d3"}
,"/Users/keremfirat/Documents/GitHub/cs308-team-29/backend/middleware/auth.js": {"path":"/Users/keremfirat/Documents/GitHub/cs308-team-29/backend/middleware/auth.js","statementMap":{"0":{"start":{"line":1,"column":12},"end":{"line":1,"column":35}},"1":{"start":{"line":4,"column":17},"end":{"line":4,"column":42}},"2":{"start":{"line":5,"column":2},"end":{"line":5,"column":75}},"3":{"start":{"line":5,"column":15},"end":{"line":5,"column":75}},"4":{"start":{"line":7,"column":16},"end":{"line":7,"column":36}},"5":{"start":{"line":8,"column":2},"end":{"line":13,"column":3}},"6":{"start":{"line":9,"column":4},"end":{"line":9,"column":57}},"7":{"start":{"line":10,"column":4},"end":{"line":10,"column":11}},"8":{"start":{"line":12,"column":4},"end":{"line":12,"column":53}},"9":{"start":{"line":16,"column":0},"end":{"line":16,"column":30}}},"fnMap":{"0":{"name":"authenticate","decl":{"start":{"line":3,"column":9},"end":{"line":3,"column":21}},"loc":{"start":{"line":3,"column":38},"end":{"line":14,"column":1}},"line":3}},"branchMap":{"0":{"loc":{"start":{"line":5,"column":2},"end":{"line":5,"column":75}},"type":"if","locations":[{"start":{"line":5,"column":2},"end":{"line":5,"column":75}},{"start":{},"end":{}}],"line":5}},"s":{"0":0,"1":0,"2":0,"3":0,"4":0,"5":0,"6":0,"7":0,"8":0,"9":0},"f":{"0":0},"b":{"0":[0,0]}}
,"/Users/keremfirat/Documents/GitHub/cs308-team-29/backend/middleware/requireDevEnv.js": {"path":"/Users/keremfirat/Documents/GitHub/cs308-team-29/backend/middleware/requireDevEnv.js","statementMap":{"0":{"start":{"line":1,"column":0},"end":{"line":6,"column":2}},"1":{"start":{"line":2,"column":2},"end":{"line":4,"column":3}},"2":{"start":{"line":3,"column":4},"end":{"line":3,"column":56}},"3":{"start":{"line":5,"column":2},"end":{"line":5,"column":9}}},"fnMap":{"0":{"name":"requireDevEnv","decl":{"start":{"line":1,"column":26},"end":{"line":1,"column":39}},"loc":{"start":{"line":1,"column":56},"end":{"line":6,"column":1}},"line":1}},"branchMap":{"0":{"loc":{"start":{"line":2,"column":2},"end":{"line":4,"column":3}},"type":"if","locations":[{"start":{"line":2,"column":2},"end":{"line":4,"column":3}},{"start":{},"end":{}}],"line":2}},"s":{"0":0,"1":0,"2":0,"3":0},"f":{"0":0},"b":{"0":[0,0]}}
,"/Users/keremfirat/Documents/GitHub/cs308-team-29/backend/middleware/roleGuard.js": {"path":"/Users/keremfirat/Documents/GitHub/cs308-team-29/backend/middleware/roleGuard.js","statementMap":{"0":{"start":{"line":1,"column":13},"end":{"line":1,"column":38}},"1":{"start":{"line":4,"column":2},"end":{"line":14,"column":4}},"2":{"start":{"line":5,"column":4},"end":{"line":13,"column":5}},"3":{"start":{"line":6,"column":19},"end":{"line":6,"column":51}},"4":{"start":{"line":7,"column":6},"end":{"line":9,"column":7}},"5":{"start":{"line":8,"column":8},"end":{"line":8,"column":79}},"6":{"start":{"line":10,"column":6},"end":{"line":10,"column":13}},"7":{"start":{"line":12,"column":6},"end":{"line":12,"column":54}},"8":{"start":{"line":17,"column":0},"end":{"line":17,"column":29}}},"fnMap":{"0":{"name":"requireRole","decl":{"start":{"line":3,"column":9},"end":{"line":3,"column":20}},"loc":{"start":{"line":3,"column":27},"end":{"line":15,"column":1}},"line":3},"1":{"name":"(anonymous_1)","decl":{"start":{"line":4,"column":9},"end":{"line":4,"column":10}},"loc":{"start":{"line":4,"column":35},"end":{"line":14,"column":3}},"line":4}},"branchMap":{"0":{"loc":{"start":{"line":7,"column":6},"end":{"line":9,"column":7}},"type":"if","locations":[{"start":{"line":7,"column":6},"end":{"line":9,"column":7}},{"start":{},"end":{}}],"line":7},"1":{"loc":{"start":{"line":7,"column":10},"end":{"line":7,"column":37}},"type":"binary-expr","locations":[{"start":{"line":7,"column":10},"end":{"line":7,"column":15}},{"start":{"line":7,"column":19},"end":{"line":7,"column":37}}],"line":7}},"s":{"0":0,"1":0,"2":0,"3":0,"4":0,"5":0,"6":0,"7":0,"8":0},"f":{"0":0,"1":0},"b":{"0":[0,0],"1":[0,0]}}
,"/Users/keremfirat/Documents/GitHub/cs308-team-29/backend/middleware/usbAuth.js": {"path":"/Users/keremfirat/Documents/GitHub/cs308-team-29/backend/middleware/usbAuth.js","statementMap":{"0":{"start":{"line":1,"column":17},"end":{"line":1,"column":46}},"1":{"start":{"line":4,"column":16},"end":{"line":4,"column":42}},"2":{"start":{"line":6,"column":2},"end":{"line":8,"column":3}},"3":{"start":{"line":7,"column":4},"end":{"line":7,"column":65}},"4":{"start":{"line":10,"column":2},"end":{"line":27,"column":3}},"5":{"start":{"line":11,"column":16},"end":{"line":11,"column":49}},"6":{"start":{"line":13,"column":4},"end":{"line":15,"column":5}},"7":{"start":{"line":14,"column":6},"end":{"line":14,"column":77}},"8":{"start":{"line":16,"column":4},"end":{"line":18,"column":5}},"9":{"start":{"line":17,"column":6},"end":{"line":17,"column":70}},"10":{"start":{"line":20,"column":4},"end":{"line":20,"column":34}},"11":{"start":{"line":21,"column":4},"end":{"line":21,"column":21}},"12":{"start":{"line":23,"column":4},"end":{"line":23,"column":74}},"13":{"start":{"line":24,"column":4},"end":{"line":24,"column":11}},"14":{"start":{"line":26,"column":4},"end":{"line":26,"column":52}},"15":{"start":{"line":30,"column":0},"end":{"line":30,"column":25}}},"fnMap":{"0":{"name":"usbAuth","decl":{"start":{"line":3,"column":15},"end":{"line":3,"column":22}},"loc":{"start":{"line":3,"column":39},"end":{"line":28,"column":1}},"line":3}},"branchMap":{"0":{"loc":{"start":{"line":6,"column":2},"end":{"line":8,"column":3}},"type":"if","locations":[{"start":{"line":6,"column":2},"end":{"line":8,"column":3}},{"start":{},"end":{}}],"line":6},"1":{"loc":{"start":{"line":13,"column":4},"end":{"line":15,"column":5}},"type":"if","locations":[{"start":{"line":13,"column":4},"end":{"line":15,"column":5}},{"start":{},"end":{}}],"line":13},"2":{"loc":{"start":{"line":13,"column":8},"end":{"line":13,"column":30}},"type":"binary-expr","locations":[{"start":{"line":13,"column":8},"end":{"line":13,"column":12}},{"start":{"line":13,"column":16},"end":{"line":13,"column":30}}],"line":13},"3":{"loc":{"start":{"line":16,"column":4},"end":{"line":18,"column":5}},"type":"if","locations":[{"start":{"line":16,"column":4},"end":{"line":18,"column":5}},{"start":{},"end":{}}],"line":16},"4":{"loc":{"start":{"line":16,"column":8},"end":{"line":16,"column":63}},"type":"binary-expr","locations":[{"start":{"line":16,"column":8},"end":{"line":16,"column":22}},{"start":{"line":16,"column":26},"end":{"line":16,"column":63}}],"line":16}},"s":{"0":0,"1":0,"2":0,"3":0,"4":0,"5":0,"6":0,"7":0,"8":0,"9":0,"10":0,"11":0,"12":0,"13":0,"14":0,"15":0},"f":{"0":0},"b":{"0":[0,0],"1":[0,0],"2":[0,0],"3":[0,0],"4":[0,0]}}
,"/Users/keremfirat/Documents/GitHub/cs308-team-29/backend/models/Cart.js": {"path":"/Users/keremfirat/Documents/GitHub/cs308-team-29/backend/models/Cart.js","statementMap":{"0":{"start":{"line":1,"column":17},"end":{"line":1,"column":36}},"1":{"start":{"line":3,"column":15},"end":{"line":3,"column":30}},"2":{"start":{"line":5,"column":23},"end":{"line":8,"column":2}},"3":{"start":{"line":10,"column":19},"end":{"line":13,"column":2}},"4":{"start":{"line":15,"column":0},"end":{"line":15,"column":52}}},"fnMap":{},"branchMap":{},"s":{"0":0,"1":0,"2":0,"3":0,"4":0},"f":{},"b":{}}
,"/Users/keremfirat/Documents/GitHub/cs308-team-29/backend/models/Order.js": {"path":"/Users/keremfirat/Documents/GitHub/cs308-team-29/backend/models/Order.js","statementMap":{"0":{"start":{"line":1,"column":17},"end":{"line":1,"column":36}},"1":{"start":{"line":3,"column":24},"end":{"line":9,"column":2}},"2":{"start":{"line":11,"column":30},"end":{"line":17,"column":2}},"3":{"start":{"line":19,"column":20},"end":{"line":30,"column":2}},"4":{"start":{"line":32,"column":0},"end":{"line":38,"column":3}},"5":{"start":{"line":34,"column":4},"end":{"line":34,"column":21}},"6":{"start":{"line":35,"column":4},"end":{"line":35,"column":19}},"7":{"start":{"line":36,"column":4},"end":{"line":36,"column":19}},"8":{"start":{"line":40,"column":0},"end":{"line":40,"column":54}}},"fnMap":{"0":{"name":"(anonymous_0)","decl":{"start":{"line":33,"column":13},"end":{"line":33,"column":14}},"loc":{"start":{"line":33,"column":27},"end":{"line":37,"column":3}},"line":33}},"branchMap":{},"s":{"0":0,"1":0,"2":0,"3":0,"4":0,"5":0,"6":0,"7":0,"8":0},"f":{"0":0},"b":{}}
,"/Users/keremfirat/Documents/GitHub/cs308-team-29/backend/models/Product.js": {"path":"/Users/keremfirat/Documents/GitHub/cs308-team-29/backend/models/Product.js","statementMap":{"0":{"start":{"line":1,"column":17},"end":{"line":1,"column":36}},"1":{"start":{"line":3,"column":15},"end":{"line":3,"column":30}},"2":{"start":{"line":5,"column":22},"end":{"line":17,"column":2}},"3":{"start":{"line":19,"column":0},"end":{"line":25,"column":3}},"4":{"start":{"line":21,"column":4},"end":{"line":21,"column":21}},"5":{"start":{"line":22,"column":4},"end":{"line":22,"column":19}},"6":{"start":{"line":23,"column":4},"end":{"line":23,"column":19}},"7":{"start":{"line":27,"column":0},"end":{"line":27,"column":58}}},"fnMap":{"0":{"name":"(anonymous_0)","decl":{"start":{"line":20,"column":13},"end":{"line":20,"column":14}},"loc":{"start":{"line":20,"column":27},"end":{"line":24,"column":3}},"line":20}},"branchMap":{},"s":{"0":1,"1":1,"2":1,"3":1,"4":1,"5":1,"6":1,"7":1},"f":{"0":1},"b":{},"_coverageSchema":"1a1c01bbd47fc00a2c39e90264f33305004495a9","hash":"2e8aa0f677988fabc8a7a114ec3982cb3987cb90"}
,"/Users/keremfirat/Documents/GitHub/cs308-team-29/backend/models/UsbToken.js": {"path":"/Users/keremfirat/Documents/GitHub/cs308-team-29/backend/models/UsbToken.js","statementMap":{"0":{"start":{"line":1,"column":17},"end":{"line":1,"column":36}},"1":{"start":{"line":3,"column":23},"end":{"line":10,"column":2}},"2":{"start":{"line":12,"column":0},"end":{"line":12,"column":60}}},"fnMap":{},"branchMap":{},"s":{"0":0,"1":0,"2":0},"f":{},"b":{}}
,"/Users/keremfirat/Documents/GitHub/cs308-team-29/backend/models/User.js": {"path":"/Users/keremfirat/Documents/GitHub/cs308-team-29/backend/models/User.js","statementMap":{"0":{"start":{"line":1,"column":17},"end":{"line":1,"column":36}},"1":{"start":{"line":2,"column":15},"end":{"line":2,"column":34}},"2":{"start":{"line":4,"column":19},"end":{"line":12,"column":2}},"3":{"start":{"line":14,"column":0},"end":{"line":17,"column":3}},"4":{"start":{"line":15,"column":2},"end":{"line":15,"column":43}},"5":{"start":{"line":15,"column":36},"end":{"line":15,"column":43}},"6":{"start":{"line":16,"column":2},"end":{"line":16,"column":55}},"7":{"start":{"line":19,"column":0},"end":{"line":21,"column":2}},"8":{"start":{"line":20,"column":2},"end":{"line":20,"column":50}},"9":{"start":{"line":23,"column":0},"end":{"line":30,"column":3}},"10":{"start":{"line":25,"column":4},"end":{"line":25,"column":21}},"11":{"start":{"line":26,"column":4},"end":{"line":26,"column":19}},"12":{"start":{"line":27,"column":4},"end":{"line":27,"column":19}},"13":{"start":{"line":28,"column":4},"end":{"line":28,"column":24}},"14":{"start":{"line":32,"column":0},"end":{"line":32,"column":52}}},"fnMap":{"0":{"name":"(anonymous_0)","decl":{"start":{"line":14,"column":23},"end":{"line":14,"column":24}},"loc":{"start":{"line":14,"column":41},"end":{"line":17,"column":1}},"line":14},"1":{"name":"(anonymous_1)","decl":{"start":{"line":19,"column":37},"end":{"line":19,"column":38}},"loc":{"start":{"line":19,"column":58},"end":{"line":21,"column":1}},"line":19},"2":{"name":"(anonymous_2)","decl":{"start":{"line":24,"column":13},"end":{"line":24,"column":14}},"loc":{"start":{"line":24,"column":28},"end":{"line":29,"column":3}},"line":24}},"branchMap":{"0":{"loc":{"start":{"line":15,"column":2},"end":{"line":15,"column":43}},"type":"if","locations":[{"start":{"line":15,"column":2},"end":{"line":15,"column":43}},{"start":{},"end":{}}],"line":15}},"s":{"0":0,"1":0,"2":0,"3":0,"4":0,"5":0,"6":0,"7":0,"8":0,"9":0,"10":0,"11":0,"12":0,"13":0,"14":0},"f":{"0":0,"1":0,"2":0},"b":{"0":[0,0]}}
,"/Users/keremfirat/Documents/GitHub/cs308-team-29/backend/routes/auth.js": {"path":"/Users/keremfirat/Documents/GitHub/cs308-team-29/backend/routes/auth.js","statementMap":{"0":{"start":{"line":1,"column":16},"end":{"line":1,"column":34}},"1":{"start":{"line":2,"column":12},"end":{"line":2,"column":35}},"2":{"start":{"line":3,"column":13},"end":{"line":3,"column":38}},"3":{"start":{"line":5,"column":15},"end":{"line":5,"column":31}},"4":{"start":{"line":8,"column":2},"end":{"line":15,"column":4}},"5":{"start":{"line":18,"column":0},"end":{"line":37,"column":3}},"6":{"start":{"line":19,"column":58},"end":{"line":19,"column":66}},"7":{"start":{"line":21,"column":2},"end":{"line":23,"column":3}},"8":{"start":{"line":22,"column":4},"end":{"line":22,"column":70}},"9":{"start":{"line":25,"column":2},"end":{"line":36,"column":3}},"10":{"start":{"line":26,"column":21},"end":{"line":26,"column":75}},"11":{"start":{"line":27,"column":4},"end":{"line":29,"column":5}},"12":{"start":{"line":28,"column":6},"end":{"line":28,"column":81}},"13":{"start":{"line":31,"column":17},"end":{"line":31,"column":94}},"14":{"start":{"line":32,"column":18},"end":{"line":32,"column":124}},"15":{"start":{"line":33,"column":4},"end":{"line":33,"column":51}},"16":{"start":{"line":35,"column":4},"end":{"line":35,"column":52}},"17":{"start":{"line":39,"column":0},"end":{"line":57,"column":3}},"18":{"start":{"line":40,"column":30},"end":{"line":40,"column":38}},"19":{"start":{"line":42,"column":2},"end":{"line":44,"column":3}},"20":{"start":{"line":43,"column":4},"end":{"line":43,"column":78}},"21":{"start":{"line":46,"column":2},"end":{"line":56,"column":3}},"22":{"start":{"line":47,"column":17},"end":{"line":47,"column":46}},"23":{"start":{"line":48,"column":4},"end":{"line":50,"column":5}},"24":{"start":{"line":49,"column":6},"end":{"line":49,"column":74}},"25":{"start":{"line":52,"column":18},"end":{"line":52,"column":136}},"26":{"start":{"line":53,"column":4},"end":{"line":53,"column":51}},"27":{"start":{"line":55,"column":4},"end":{"line":55,"column":52}},"28":{"start":{"line":59,"column":0},"end":{"line":59,"column":24}}},"fnMap":{"0":{"name":"toUserPayload","decl":{"start":{"line":7,"column":9},"end":{"line":7,"column":22}},"loc":{"start":{"line":7,"column":29},"end":{"line":16,"column":1}},"line":7},"1":{"name":"(anonymous_1)","decl":{"start":{"line":18,"column":25},"end":{"line":18,"column":26}},"loc":{"start":{"line":18,"column":45},"end":{"line":37,"column":1}},"line":18},"2":{"name":"(anonymous_2)","decl":{"start":{"line":39,"column":22},"end":{"line":39,"column":23}},"loc":{"start":{"line":39,"column":42},"end":{"line":57,"column":1}},"line":39}},"branchMap":{"0":{"loc":{"start":{"line":21,"column":2},"end":{"line":23,"column":3}},"type":"if","locations":[{"start":{"line":21,"column":2},"end":{"line":23,"column":3}},{"start":{},"end":{}}],"line":21},"1":{"loc":{"start":{"line":21,"column":6},"end":{"line":21,"column":62}},"type":"binary-expr","locations":[{"start":{"line":21,"column":6},"end":{"line":21,"column":12}},{"start":{"line":21,"column":16},"end":{"line":21,"column":25}},{"start":{"line":21,"column":29},"end":{"line":21,"column":38}},{"start":{"line":21,"column":42},"end":{"line":21,"column":49}},{"start":{"line":21,"column":53},"end":{"line":21,"column":62}}],"line":21},"2":{"loc":{"start":{"line":27,"column":4},"end":{"line":29,"column":5}},"type":"if","locations":[{"start":{"line":27,"column":4},"end":{"line":29,"column":5}},{"start":{},"end":{}}],"line":27},"3":{"loc":{"start":{"line":42,"column":2},"end":{"line":44,"column":3}},"type":"if","locations":[{"start":{"line":42,"column":2},"end":{"line":44,"column":3}},{"start":{},"end":{}}],"line":42},"4":{"loc":{"start":{"line":42,"column":6},"end":{"line":42,"column":25}},"type":"binary-expr","locations":[{"start":{"line":42,"column":6},"end":{"line":42,"column":12}},{"start":{"line":42,"column":16},"end":{"line":42,"column":25}}],"line":42},"5":{"loc":{"start":{"line":48,"column":4},"end":{"line":50,"column":5}},"type":"if","locations":[{"start":{"line":48,"column":4},"end":{"line":50,"column":5}},{"start":{},"end":{}}],"line":48},"6":{"loc":{"start":{"line":48,"column":8},"end":{"line":48,"column":56}},"type":"binary-expr","locations":[{"start":{"line":48,"column":8},"end":{"line":48,"column":13}},{"start":{"line":48,"column":17},"end":{"line":48,"column":56}}],"line":48}},"s":{"0":0,"1":0,"2":0,"3":0,"4":0,"5":0,"6":0,"7":0,"8":0,"9":0,"10":0,"11":0,"12":0,"13":0,"14":0,"15":0,"16":0,"17":0,"18":0,"19":0,"20":0,"21":0,"22":0,"23":0,"24":0,"25":0,"26":0,"27":0,"28":0},"f":{"0":0,"1":0,"2":0},"b":{"0":[0,0],"1":[0,0,0,0,0],"2":[0,0],"3":[0,0],"4":[0,0],"5":[0,0],"6":[0,0]}}
,"/Users/keremfirat/Documents/GitHub/cs308-team-29/backend/routes/cart.js": {"path":"/Users/keremfirat/Documents/GitHub/cs308-team-29/backend/routes/cart.js","statementMap":{"0":{"start":{"line":1,"column":16},"end":{"line":1,"column":34}},"1":{"start":{"line":2,"column":13},"end":{"line":2,"column":38}},"2":{"start":{"line":3,"column":21},"end":{"line":3,"column":50}},"3":{"start":{"line":4,"column":15},"end":{"line":4,"column":31}},"4":{"start":{"line":7,"column":0},"end":{"line":33,"column":3}},"5":{"start":{"line":8,"column":2},"end":{"line":32,"column":3}},"6":{"start":{"line":9,"column":15},"end":{"line":9,"column":97}},"7":{"start":{"line":10,"column":4},"end":{"line":12,"column":5}},"8":{"start":{"line":11,"column":6},"end":{"line":11,"column":78}},"9":{"start":{"line":15,"column":27},"end":{"line":26,"column":26}},"10":{"start":{"line":17,"column":16},"end":{"line":17,"column":36}},"11":{"start":{"line":18,"column":6},"end":{"line":25,"column":8}},"12":{"start":{"line":26,"column":19},"end":{"line":26,"column":25}},"13":{"start":{"line":28,"column":4},"end":{"line":28,"column":58}},"14":{"start":{"line":30,"column":4},"end":{"line":30,"column":49}},"15":{"start":{"line":31,"column":4},"end":{"line":31,"column":52}},"16":{"start":{"line":36,"column":0},"end":{"line":57,"column":3}},"17":{"start":{"line":37,"column":20},"end":{"line":37,"column":28}},"18":{"start":{"line":38,"column":2},"end":{"line":56,"column":3}},"19":{"start":{"line":39,"column":27},"end":{"line":42,"column":7}},"20":{"start":{"line":39,"column":46},"end":{"line":42,"column":5}},"21":{"start":{"line":44,"column":15},"end":{"line":44,"column":69}},"22":{"start":{"line":45,"column":4},"end":{"line":50,"column":5}},"23":{"start":{"line":46,"column":6},"end":{"line":46,"column":34}},"24":{"start":{"line":47,"column":6},"end":{"line":47,"column":24}},"25":{"start":{"line":49,"column":6},"end":{"line":49,"column":90}},"26":{"start":{"line":52,"column":4},"end":{"line":52,"column":19}},"27":{"start":{"line":54,"column":4},"end":{"line":54,"column":47}},"28":{"start":{"line":55,"column":4},"end":{"line":55,"column":52}},"29":{"start":{"line":59,"column":0},"end":{"line":59,"column":24}}},"fnMap":{"0":{"name":"(anonymous_0)","decl":{"start":{"line":7,"column":30},"end":{"line":7,"column":31}},"loc":{"start":{"line":7,"column":50},"end":{"line":33,"column":1}},"line":7},"1":{"name":"(anonymous_1)","decl":{"start":{"line":15,"column":42},"end":{"line":15,"column":43}},"loc":{"start":{"line":15,"column":50},"end":{"line":26,"column":5}},"line":15},"2":{"name":"(anonymous_2)","decl":{"start":{"line":26,"column":14},"end":{"line":26,"column":15}},"loc":{"start":{"line":26,"column":19},"end":{"line":26,"column":25}},"line":26},"3":{"name":"(anonymous_3)","decl":{"start":{"line":36,"column":31},"end":{"line":36,"column":32}},"loc":{"start":{"line":36,"column":51},"end":{"line":57,"column":1}},"line":36},"4":{"name":"(anonymous_4)","decl":{"start":{"line":39,"column":37},"end":{"line":39,"column":38}},"loc":{"start":{"line":39,"column":46},"end":{"line":42,"column":5}},"line":39}},"branchMap":{"0":{"loc":{"start":{"line":10,"column":4},"end":{"line":12,"column":5}},"type":"if","locations":[{"start":{"line":10,"column":4},"end":{"line":12,"column":5}},{"start":{},"end":{}}],"line":10},"1":{"loc":{"start":{"line":17,"column":16},"end":{"line":17,"column":36}},"type":"binary-expr","locations":[{"start":{"line":17,"column":16},"end":{"line":17,"column":30}},{"start":{"line":17,"column":34},"end":{"line":17,"column":36}}],"line":17},"2":{"loc":{"start":{"line":19,"column":12},"end":{"line":19,"column":43}},"type":"binary-expr","locations":[{"start":{"line":19,"column":12},"end":{"line":19,"column":17}},{"start":{"line":19,"column":21},"end":{"line":19,"column":25}},{"start":{"line":19,"column":29},"end":{"line":19,"column":43}}],"line":19},"3":{"loc":{"start":{"line":40,"column":17},"end":{"line":40,"column":54}},"type":"binary-expr","locations":[{"start":{"line":40,"column":17},"end":{"line":40,"column":31}},{"start":{"line":40,"column":35},"end":{"line":40,"column":43}},{"start":{"line":40,"column":47},"end":{"line":40,"column":54}}],"line":40},"4":{"loc":{"start":{"line":45,"column":4},"end":{"line":50,"column":5}},"type":"if","locations":[{"start":{"line":45,"column":4},"end":{"line":50,"column":5}},{"start":{"line":48,"column":11},"end":{"line":50,"column":5}}],"line":45}},"s":{"0":0,"1":0,"2":0,"3":0,"4":0,"5":0,"6":0,"7":0,"8":0,"9":0,"10":0,"11":0,"12":0,"13":0,"14":0,"15":0,"16":0,"17":0,"18":0,"19":0,"20":0,"21":0,"22":0,"23":0,"24":0,"25":0,"26":0,"27":0,"28":0,"29":0},"f":{"0":0,"1":0,"2":0,"3":0,"4":0},"b":{"0":[0,0],"1":[0,0],"2":[0,0,0],"3":[0,0,0],"4":[0,0]}}
,"/Users/keremfirat/Documents/GitHub/cs308-team-29/backend/routes/orders.js": {"path":"/Users/keremfirat/Documents/GitHub/cs308-team-29/backend/routes/orders.js","statementMap":{"0":{"start":{"line":1,"column":16},"end":{"line":1,"column":34}},"1":{"start":{"line":2,"column":14},"end":{"line":2,"column":40}},"2":{"start":{"line":3,"column":16},"end":{"line":3,"column":44}},"3":{"start":{"line":4,"column":21},"end":{"line":4,"column":50}},"4":{"start":{"line":5,"column":20},"end":{"line":5,"column":54}},"5":{"start":{"line":7,"column":23},"end":{"line":7,"column":64}},"6":{"start":{"line":8,"column":32},"end":{"line":14,"column":1}},"7":{"start":{"line":17,"column":2},"end":{"line":17,"column":50}},"8":{"start":{"line":20,"column":15},"end":{"line":20,"column":31}},"9":{"start":{"line":22,"column":0},"end":{"line":29,"column":3}},"10":{"start":{"line":23,"column":2},"end":{"line":28,"column":3}},"11":{"start":{"line":24,"column":19},"end":{"line":24,"column":95}},"12":{"start":{"line":25,"column":4},"end":{"line":25,"column":21}},"13":{"start":{"line":27,"column":4},"end":{"line":27,"column":52}},"14":{"start":{"line":31,"column":0},"end":{"line":121,"column":3}},"15":{"start":{"line":32,"column":2},"end":{"line":120,"column":3}},"16":{"start":{"line":33,"column":39},"end":{"line":33,"column":47}},"17":{"start":{"line":35,"column":4},"end":{"line":37,"column":5}},"18":{"start":{"line":36,"column":6},"end":{"line":36,"column":68}},"19":{"start":{"line":39,"column":4},"end":{"line":41,"column":5}},"20":{"start":{"line":40,"column":6},"end":{"line":40,"column":81}},"21":{"start":{"line":43,"column":33},"end":{"line":43,"column":35}},"22":{"start":{"line":44,"column":4},"end":{"line":50,"column":5}},"23":{"start":{"line":45,"column":20},"end":{"line":45,"column":42}},"24":{"start":{"line":46,"column":6},"end":{"line":48,"column":7}},"25":{"start":{"line":47,"column":8},"end":{"line":47,"column":72}},"26":{"start":{"line":49,"column":6},"end":{"line":49,"column":49}},"27":{"start":{"line":52,"column":27},"end":{"line":52,"column":89}},"28":{"start":{"line":52,"column":47},"end":{"line":52,"column":72}},"29":{"start":{"line":53,"column":4},"end":{"line":55,"column":5}},"30":{"start":{"line":54,"column":6},"end":{"line":54,"column":104}},"31":{"start":{"line":57,"column":4},"end":{"line":61,"column":5}},"32":{"start":{"line":58,"column":6},"end":{"line":60,"column":7}},"33":{"start":{"line":59,"column":8},"end":{"line":59,"column":91}},"34":{"start":{"line":63,"column":23},"end":{"line":63,"column":78}},"35":{"start":{"line":63,"column":62},"end":{"line":63,"column":75}},"36":{"start":{"line":64,"column":21},"end":{"line":64,"column":69}},"37":{"start":{"line":66,"column":4},"end":{"line":68,"column":5}},"38":{"start":{"line":67,"column":6},"end":{"line":67,"column":102}},"39":{"start":{"line":70,"column":23},"end":{"line":70,"column":85}},"40":{"start":{"line":70,"column":62},"end":{"line":70,"column":83}},"41":{"start":{"line":72,"column":4},"end":{"line":79,"column":5}},"42":{"start":{"line":73,"column":17},"end":{"line":73,"column":55}},"43":{"start":{"line":74,"column":22},"end":{"line":74,"column":36}},"44":{"start":{"line":75,"column":29},"end":{"line":75,"column":55}},"45":{"start":{"line":76,"column":6},"end":{"line":78,"column":7}},"46":{"start":{"line":77,"column":8},"end":{"line":77,"column":88}},"47":{"start":{"line":81,"column":23},"end":{"line":91,"column":6}},"48":{"start":{"line":82,"column":17},"end":{"line":82,"column":55}},"49":{"start":{"line":83,"column":22},"end":{"line":83,"column":36}},"50":{"start":{"line":84,"column":6},"end":{"line":90,"column":8}},"51":{"start":{"line":93,"column":23},"end":{"line":93,"column":83}},"52":{"start":{"line":93,"column":53},"end":{"line":93,"column":79}},"53":{"start":{"line":95,"column":18},"end":{"line":101,"column":6}},"54":{"start":{"line":103,"column":4},"end":{"line":111,"column":5}},"55":{"start":{"line":104,"column":17},"end":{"line":104,"column":55}},"56":{"start":{"line":105,"column":22},"end":{"line":105,"column":36}},"57":{"start":{"line":106,"column":6},"end":{"line":110,"column":7}},"58":{"start":{"line":107,"column":8},"end":{"line":107,"column":100}},"59":{"start":{"line":108,"column":13},"end":{"line":110,"column":7}},"60":{"start":{"line":109,"column":8},"end":{"line":109,"column":90}},"61":{"start":{"line":113,"column":4},"end":{"line":113,"column":32}},"62":{"start":{"line":115,"column":4},"end":{"line":117,"column":5}},"63":{"start":{"line":116,"column":6},"end":{"line":116,"column":84}},"64":{"start":{"line":118,"column":4},"end":{"line":118,"column":50}},"65":{"start":{"line":119,"column":4},"end":{"line":119,"column":84}},"66":{"start":{"line":123,"column":0},"end":{"line":135,"column":3}},"67":{"start":{"line":124,"column":21},"end":{"line":124,"column":29}},"68":{"start":{"line":125,"column":2},"end":{"line":127,"column":3}},"69":{"start":{"line":126,"column":4},"end":{"line":126,"column":107}},"70":{"start":{"line":128,"column":2},"end":{"line":134,"column":3}},"71":{"start":{"line":129,"column":18},"end":{"line":129,"column":110}},"72":{"start":{"line":130,"column":4},"end":{"line":130,"column":74}},"73":{"start":{"line":130,"column":16},"end":{"line":130,"column":74}},"74":{"start":{"line":131,"column":4},"end":{"line":131,"column":20}},"75":{"start":{"line":133,"column":4},"end":{"line":133,"column":52}},"76":{"start":{"line":137,"column":0},"end":{"line":137,"column":24}}},"fnMap":{"0":{"name":"getAvailableStock","decl":{"start":{"line":16,"column":9},"end":{"line":16,"column":26}},"loc":{"start":{"line":16,"column":36},"end":{"line":18,"column":1}},"line":16},"1":{"name":"(anonymous_1)","decl":{"start":{"line":22,"column":32},"end":{"line":22,"column":33}},"loc":{"start":{"line":22,"column":52},"end":{"line":29,"column":1}},"line":22},"2":{"name":"(anonymous_2)","decl":{"start":{"line":31,"column":31},"end":{"line":31,"column":32}},"loc":{"start":{"line":31,"column":51},"end":{"line":121,"column":1}},"line":31},"3":{"name":"(anonymous_3)","decl":{"start":{"line":52,"column":37},"end":{"line":52,"column":38}},"loc":{"start":{"line":52,"column":47},"end":{"line":52,"column":72}},"line":52},"4":{"name":"(anonymous_4)","decl":{"start":{"line":63,"column":54},"end":{"line":63,"column":55}},"loc":{"start":{"line":63,"column":62},"end":{"line":63,"column":75}},"line":63},"5":{"name":"(anonymous_5)","decl":{"start":{"line":70,"column":55},"end":{"line":70,"column":56}},"loc":{"start":{"line":70,"column":62},"end":{"line":70,"column":83}},"line":70},"6":{"name":"(anonymous_6)","decl":{"start":{"line":81,"column":33},"end":{"line":81,"column":34}},"loc":{"start":{"line":81,"column":43},"end":{"line":91,"column":5}},"line":81},"7":{"name":"(anonymous_7)","decl":{"start":{"line":93,"column":41},"end":{"line":93,"column":42}},"loc":{"start":{"line":93,"column":53},"end":{"line":93,"column":79}},"line":93},"8":{"name":"(anonymous_8)","decl":{"start":{"line":123,"column":74},"end":{"line":123,"column":75}},"loc":{"start":{"line":123,"column":94},"end":{"line":135,"column":1}},"line":123}},"branchMap":{"0":{"loc":{"start":{"line":17,"column":9},"end":{"line":17,"column":49}},"type":"binary-expr","locations":[{"start":{"line":17,"column":9},"end":{"line":17,"column":32}},{"start":{"line":17,"column":36},"end":{"line":17,"column":49}}],"line":17},"1":{"loc":{"start":{"line":35,"column":4},"end":{"line":37,"column":5}},"type":"if","locations":[{"start":{"line":35,"column":4},"end":{"line":37,"column":5}},{"start":{},"end":{}}],"line":35},"2":{"loc":{"start":{"line":35,"column":8},"end":{"line":35,"column":51}},"type":"binary-expr","locations":[{"start":{"line":35,"column":8},"end":{"line":35,"column":29}},{"start":{"line":35,"column":33},"end":{"line":35,"column":51}}],"line":35},"3":{"loc":{"start":{"line":39,"column":4},"end":{"line":41,"column":5}},"type":"if","locations":[{"start":{"line":39,"column":4},"end":{"line":41,"column":5}},{"start":{},"end":{}}],"line":39},"4":{"loc":{"start":{"line":39,"column":8},"end":{"line":39,"column":63}},"type":"binary-expr","locations":[{"start":{"line":39,"column":8},"end":{"line":39,"column":24}},{"start":{"line":39,"column":28},"end":{"line":39,"column":63}}],"line":39},"5":{"loc":{"start":{"line":46,"column":6},"end":{"line":48,"column":7}},"type":"if","locations":[{"start":{"line":46,"column":6},"end":{"line":48,"column":7}},{"start":{},"end":{}}],"line":46},"6":{"loc":{"start":{"line":46,"column":10},"end":{"line":46,"column":64}},"type":"binary-expr","locations":[{"start":{"line":46,"column":10},"end":{"line":46,"column":35}},{"start":{"line":46,"column":39},"end":{"line":46,"column":64}}],"line":46},"7":{"loc":{"start":{"line":52,"column":47},"end":{"line":52,"column":72}},"type":"binary-expr","locations":[{"start":{"line":52,"column":47},"end":{"line":52,"column":54}},{"start":{"line":52,"column":58},"end":{"line":52,"column":72}}],"line":52},"8":{"loc":{"start":{"line":53,"column":4},"end":{"line":55,"column":5}},"type":"if","locations":[{"start":{"line":53,"column":4},"end":{"line":55,"column":5}},{"start":{},"end":{}}],"line":53},"9":{"loc":{"start":{"line":58,"column":6},"end":{"line":60,"column":7}},"type":"if","locations":[{"start":{"line":58,"column":6},"end":{"line":60,"column":7}},{"start":{},"end":{}}],"line":58},"10":{"loc":{"start":{"line":58,"column":10},"end":{"line":58,"column":63}},"type":"binary-expr","locations":[{"start":{"line":58,"column":10},"end":{"line":58,"column":42}},{"start":{"line":58,"column":46},"end":{"line":58,"column":63}}],"line":58},"11":{"loc":{"start":{"line":66,"column":4},"end":{"line":68,"column":5}},"type":"if","locations":[{"start":{"line":66,"column":4},"end":{"line":68,"column":5}},{"start":{},"end":{}}],"line":66},"12":{"loc":{"start":{"line":73,"column":18},"end":{"line":73,"column":43}},"type":"binary-expr","locations":[{"start":{"line":73,"column":18},"end":{"line":73,"column":25}},{"start":{"line":73,"column":29},"end":{"line":73,"column":43}}],"line":73},"13":{"loc":{"start":{"line":76,"column":6},"end":{"line":78,"column":7}},"type":"if","locations":[{"start":{"line":76,"column":6},"end":{"line":78,"column":7}},{"start":{},"end":{}}],"line":76},"14":{"loc":{"start":{"line":76,"column":10},"end":{"line":76,"column":66}},"type":"binary-expr","locations":[{"start":{"line":76,"column":10},"end":{"line":76,"column":32}},{"start":{"line":76,"column":36},"end":{"line":76,"column":66}}],"line":76},"15":{"loc":{"start":{"line":82,"column":18},"end":{"line":82,"column":43}},"type":"binary-expr","locations":[{"start":{"line":82,"column":18},"end":{"line":82,"column":25}},{"start":{"line":82,"column":29},"end":{"line":82,"column":43}}],"line":82},"16":{"loc":{"start":{"line":104,"column":18},"end":{"line":104,"column":43}},"type":"binary-expr","locations":[{"start":{"line":104,"column":18},"end":{"line":104,"column":25}},{"start":{"line":104,"column":29},"end":{"line":104,"column":43}}],"line":104},"17":{"loc":{"start":{"line":106,"column":6},"end":{"line":110,"column":7}},"type":"if","locations":[{"start":{"line":106,"column":6},"end":{"line":110,"column":7}},{"start":{"line":108,"column":13},"end":{"line":110,"column":7}}],"line":106},"18":{"loc":{"start":{"line":108,"column":13},"end":{"line":110,"column":7}},"type":"if","locations":[{"start":{"line":108,"column":13},"end":{"line":110,"column":7}},{"start":{},"end":{}}],"line":108},"19":{"loc":{"start":{"line":115,"column":4},"end":{"line":117,"column":5}},"type":"if","locations":[{"start":{"line":115,"column":4},"end":{"line":117,"column":5}},{"start":{},"end":{}}],"line":115},"20":{"loc":{"start":{"line":125,"column":2},"end":{"line":127,"column":3}},"type":"if","locations":[{"start":{"line":125,"column":2},"end":{"line":127,"column":3}},{"start":{},"end":{}}],"line":125},"21":{"loc":{"start":{"line":130,"column":4},"end":{"line":130,"column":74}},"type":"if","locations":[{"start":{"line":130,"column":4},"end":{"line":130,"column":74}},{"start":{},"end":{}}],"line":130}},"s":{"0":0,"1":0,"2":0,"3":0,"4":0,"5":0,"6":0,"7":0,"8":0,"9":0,"10":0,"11":0,"12":0,"13":0,"14":0,"15":0,"16":0,"17":0,"18":0,"19":0,"20":0,"21":0,"22":0,"23":0,"24":0,"25":0,"26":0,"27":0,"28":0,"29":0,"30":0,"31":0,"32":0,"33":0,"34":0,"35":0,"36":0,"37":0,"38":0,"39":0,"40":0,"41":0,"42":0,"43":0,"44":0,"45":0,"46":0,"47":0,"48":0,"49":0,"50":0,"51":0,"52":0,"53":0,"54":0,"55":0,"56":0,"57":0,"58":0,"59":0,"60":0,"61":0,"62":0,"63":0,"64":0,"65":0,"66":0,"67":0,"68":0,"69":0,"70":0,"71":0,"72":0,"73":0,"74":0,"75":0,"76":0},"f":{"0":0,"1":0,"2":0,"3":0,"4":0,"5":0,"6":0,"7":0,"8":0},"b":{"0":[0,0],"1":[0,0],"2":[0,0],"3":[0,0],"4":[0,0],"5":[0,0],"6":[0,0],"7":[0,0],"8":[0,0],"9":[0,0],"10":[0,0],"11":[0,0],"12":[0,0],"13":[0,0],"14":[0,0],"15":[0,0],"16":[0,0],"17":[0,0],"18":[0,0],"19":[0,0],"20":[0,0],"21":[0,0]}}
,"/Users/keremfirat/Documents/GitHub/cs308-team-29/backend/routes/products.js": {"path":"/Users/keremfirat/Documents/GitHub/cs308-team-29/backend/routes/products.js","statementMap":{"0":{"start":{"line":1,"column":16},"end":{"line":1,"column":34}},"1":{"start":{"line":2,"column":17},"end":{"line":2,"column":36}},"2":{"start":{"line":3,"column":16},"end":{"line":3,"column":44}},"3":{"start":{"line":5,"column":15},"end":{"line":5,"column":31}},"4":{"start":{"line":7,"column":0},"end":{"line":15,"column":3}},"5":{"start":{"line":8,"column":2},"end":{"line":14,"column":3}},"6":{"start":{"line":9,"column":21},"end":{"line":9,"column":53}},"7":{"start":{"line":10,"column":4},"end":{"line":10,"column":23}},"8":{"start":{"line":12,"column":4},"end":{"line":12,"column":52}},"9":{"start":{"line":13,"column":4},"end":{"line":13,"column":52}},"10":{"start":{"line":17,"column":0},"end":{"line":31,"column":3}},"11":{"start":{"line":18,"column":17},"end":{"line":18,"column":27}},"12":{"start":{"line":19,"column":2},"end":{"line":21,"column":3}},"13":{"start":{"line":20,"column":4},"end":{"line":20,"column":66}},"14":{"start":{"line":23,"column":2},"end":{"line":30,"column":3}},"15":{"start":{"line":24,"column":20},"end":{"line":24,"column":46}},"16":{"start":{"line":25,"column":4},"end":{"line":25,"column":79}},"17":{"start":{"line":25,"column":18},"end":{"line":25,"column":79}},"18":{"start":{"line":26,"column":4},"end":{"line":26,"column":22}},"19":{"start":{"line":28,"column":4},"end":{"line":28,"column":51}},"20":{"start":{"line":29,"column":4},"end":{"line":29,"column":67}},"21":{"start":{"line":33,"column":0},"end":{"line":57,"column":3}},"22":{"start":{"line":34,"column":116},"end":{"line":34,"column":124}},"23":{"start":{"line":36,"column":18},"end":{"line":36,"column":20}},"24":{"start":{"line":37,"column":2},"end":{"line":37,"column":111}},"25":{"start":{"line":37,"column":82},"end":{"line":37,"column":111}},"26":{"start":{"line":38,"column":2},"end":{"line":38,"column":97}},"27":{"start":{"line":38,"column":65},"end":{"line":38,"column":97}},"28":{"start":{"line":39,"column":2},"end":{"line":41,"column":3}},"29":{"start":{"line":40,"column":4},"end":{"line":40,"column":95}},"30":{"start":{"line":43,"column":2},"end":{"line":56,"column":3}},"31":{"start":{"line":44,"column":20},"end":{"line":48,"column":6}},"32":{"start":{"line":49,"column":4},"end":{"line":49,"column":34}},"33":{"start":{"line":51,"column":4},"end":{"line":53,"column":5}},"34":{"start":{"line":52,"column":6},"end":{"line":52,"column":60}},"35":{"start":{"line":54,"column":4},"end":{"line":54,"column":54}},"36":{"start":{"line":55,"column":4},"end":{"line":55,"column":52}},"37":{"start":{"line":59,"column":0},"end":{"line":59,"column":24}}},"fnMap":{"0":{"name":"(anonymous_0)","decl":{"start":{"line":7,"column":16},"end":{"line":7,"column":17}},"loc":{"start":{"line":7,"column":36},"end":{"line":15,"column":1}},"line":7},"1":{"name":"(anonymous_1)","decl":{"start":{"line":17,"column":19},"end":{"line":17,"column":20}},"loc":{"start":{"line":17,"column":39},"end":{"line":31,"column":1}},"line":17},"2":{"name":"(anonymous_2)","decl":{"start":{"line":33,"column":17},"end":{"line":33,"column":18}},"loc":{"start":{"line":33,"column":37},"end":{"line":57,"column":1}},"line":33}},"branchMap":{"0":{"loc":{"start":{"line":19,"column":2},"end":{"line":21,"column":3}},"type":"if","locations":[{"start":{"line":19,"column":2},"end":{"line":21,"column":3}},{"start":{},"end":{}}],"line":19},"1":{"loc":{"start":{"line":25,"column":4},"end":{"line":25,"column":79}},"type":"if","locations":[{"start":{"line":25,"column":4},"end":{"line":25,"column":79}},{"start":{},"end":{}}],"line":25},"2":{"loc":{"start":{"line":37,"column":2},"end":{"line":37,"column":111}},"type":"if","locations":[{"start":{"line":37,"column":2},"end":{"line":37,"column":111}},{"start":{},"end":{}}],"line":37},"3":{"loc":{"start":{"line":37,"column":6},"end":{"line":37,"column":80}},"type":"binary-expr","locations":[{"start":{"line":37,"column":6},"end":{"line":37,"column":32}},{"start":{"line":37,"column":36},"end":{"line":37,"column":57}},{"start":{"line":37,"column":61},"end":{"line":37,"column":80}}],"line":37},"4":{"loc":{"start":{"line":38,"column":2},"end":{"line":38,"column":97}},"type":"if","locations":[{"start":{"line":38,"column":2},"end":{"line":38,"column":97}},{"start":{},"end":{}}],"line":38},"5":{"loc":{"start":{"line":38,"column":6},"end":{"line":38,"column":63}},"type":"binary-expr","locations":[{"start":{"line":38,"column":6},"end":{"line":38,"column":35}},{"start":{"line":38,"column":39},"end":{"line":38,"column":63}}],"line":38},"6":{"loc":{"start":{"line":39,"column":2},"end":{"line":41,"column":3}},"type":"if","locations":[{"start":{"line":39,"column":2},"end":{"line":41,"column":3}},{"start":{},"end":{}}],"line":39},"7":{"loc":{"start":{"line":51,"column":4},"end":{"line":53,"column":5}},"type":"if","locations":[{"start":{"line":51,"column":4},"end":{"line":53,"column":5}},{"start":{},"end":{}}],"line":51},"8":{"loc":{"start":{"line":51,"column":8},"end":{"line":51,"column":64}},"type":"binary-expr","locations":[{"start":{"line":51,"column":8},"end":{"line":51,"column":40}},{"start":{"line":51,"column":44},"end":{"line":51,"column":64}}],"line":51}},"s":{"0":0,"1":0,"2":0,"3":0,"4":0,"5":0,"6":0,"7":0,"8":0,"9":0,"10":0,"11":0,"12":0,"13":0,"14":0,"15":0,"16":0,"17":0,"18":0,"19":0,"20":0,"21":0,"22":0,"23":0,"24":0,"25":0,"26":0,"27":0,"28":0,"29":0,"30":0,"31":0,"32":0,"33":0,"34":0,"35":0,"36":0,"37":0},"f":{"0":0,"1":0,"2":0},"b":{"0":[0,0],"1":[0,0],"2":[0,0],"3":[0,0,0],"4":[0,0],"5":[0,0],"6":[0,0],"7":[0,0],"8":[0,0]}}
,"/Users/keremfirat/Documents/GitHub/cs308-team-29/backend/routes/profile.js": {"path":"/Users/keremfirat/Documents/GitHub/cs308-team-29/backend/routes/profile.js","statementMap":{"0":{"start":{"line":1,"column":16},"end":{"line":1,"column":34}},"1":{"start":{"line":2,"column":13},"end":{"line":2,"column":38}},"2":{"start":{"line":3,"column":21},"end":{"line":3,"column":50}},"3":{"start":{"line":5,"column":15},"end":{"line":5,"column":31}},"4":{"start":{"line":8,"column":2},"end":{"line":15,"column":4}},"5":{"start":{"line":18,"column":0},"end":{"line":26,"column":3}},"6":{"start":{"line":19,"column":2},"end":{"line":25,"column":3}},"7":{"start":{"line":20,"column":17},"end":{"line":20,"column":49}},"8":{"start":{"line":21,"column":4},"end":{"line":21,"column":72}},"9":{"start":{"line":21,"column":15},"end":{"line":21,"column":72}},"10":{"start":{"line":22,"column":4},"end":{"line":22,"column":34}},"11":{"start":{"line":24,"column":4},"end":{"line":24,"column":52}},"12":{"start":{"line":28,"column":0},"end":{"line":46,"column":3}},"13":{"start":{"line":29,"column":41},"end":{"line":29,"column":49}},"14":{"start":{"line":31,"column":2},"end":{"line":45,"column":3}},"15":{"start":{"line":32,"column":21},"end":{"line":32,"column":80}},"16":{"start":{"line":33,"column":4},"end":{"line":35,"column":5}},"17":{"start":{"line":34,"column":6},"end":{"line":34,"column":71}},"18":{"start":{"line":37,"column":17},"end":{"line":41,"column":5}},"19":{"start":{"line":42,"column":4},"end":{"line":42,"column":34}},"20":{"start":{"line":44,"column":4},"end":{"line":44,"column":52}},"21":{"start":{"line":48,"column":0},"end":{"line":63,"column":3}},"22":{"start":{"line":49,"column":43},"end":{"line":49,"column":51}},"23":{"start":{"line":51,"column":2},"end":{"line":62,"column":3}},"24":{"start":{"line":52,"column":17},"end":{"line":52,"column":49}},"25":{"start":{"line":53,"column":4},"end":{"line":55,"column":5}},"26":{"start":{"line":54,"column":6},"end":{"line":54,"column":78}},"27":{"start":{"line":57,"column":4},"end":{"line":57,"column":32}},"28":{"start":{"line":58,"column":4},"end":{"line":58,"column":22}},"29":{"start":{"line":59,"column":4},"end":{"line":59,"column":46}},"30":{"start":{"line":61,"column":4},"end":{"line":61,"column":52}},"31":{"start":{"line":65,"column":0},"end":{"line":65,"column":24}}},"fnMap":{"0":{"name":"toUserPayload","decl":{"start":{"line":7,"column":9},"end":{"line":7,"column":22}},"loc":{"start":{"line":7,"column":29},"end":{"line":16,"column":1}},"line":7},"1":{"name":"(anonymous_1)","decl":{"start":{"line":18,"column":30},"end":{"line":18,"column":31}},"loc":{"start":{"line":18,"column":50},"end":{"line":26,"column":1}},"line":18},"2":{"name":"(anonymous_2)","decl":{"start":{"line":28,"column":30},"end":{"line":28,"column":31}},"loc":{"start":{"line":28,"column":50},"end":{"line":46,"column":1}},"line":28},"3":{"name":"(anonymous_3)","decl":{"start":{"line":48,"column":38},"end":{"line":48,"column":39}},"loc":{"start":{"line":48,"column":58},"end":{"line":63,"column":1}},"line":48}},"branchMap":{"0":{"loc":{"start":{"line":21,"column":4},"end":{"line":21,"column":72}},"type":"if","locations":[{"start":{"line":21,"column":4},"end":{"line":21,"column":72}},{"start":{},"end":{}}],"line":21},"1":{"loc":{"start":{"line":33,"column":4},"end":{"line":35,"column":5}},"type":"if","locations":[{"start":{"line":33,"column":4},"end":{"line":35,"column":5}},{"start":{},"end":{}}],"line":33},"2":{"loc":{"start":{"line":53,"column":4},"end":{"line":55,"column":5}},"type":"if","locations":[{"start":{"line":53,"column":4},"end":{"line":55,"column":5}},{"start":{},"end":{}}],"line":53}},"s":{"0":0,"1":0,"2":0,"3":0,"4":0,"5":0,"6":0,"7":0,"8":0,"9":0,"10":0,"11":0,"12":0,"13":0,"14":0,"15":0,"16":0,"17":0,"18":0,"19":0,"20":0,"21":0,"22":0,"23":0,"24":0,"25":0,"26":0,"27":0,"28":0,"29":0,"30":0,"31":0},"f":{"0":0,"1":0,"2":0,"3":0},"b":{"0":[0,0],"1":[0,0],"2":[0,0]}}
,"/Users/keremfirat/Documents/GitHub/cs308-team-29/backend/routes/seed.js": {"path":"/Users/keremfirat/Documents/GitHub/cs308-team-29/backend/routes/seed.js","statementMap":{"0":{"start":{"line":1,"column":16},"end":{"line":1,"column":34}},"1":{"start":{"line":2,"column":13},"end":{"line":2,"column":38}},"2":{"start":{"line":3,"column":14},"end":{"line":3,"column":40}},"3":{"start":{"line":4,"column":16},"end":{"line":4,"column":44}},"4":{"start":{"line":5,"column":22},"end":{"line":5,"column":60}},"5":{"start":{"line":7,"column":15},"end":{"line":7,"column":31}},"6":{"start":{"line":9,"column":0},"end":{"line":9,"column":26}},"7":{"start":{"line":12,"column":0},"end":{"line":23,"column":3}},"8":{"start":{"line":13,"column":20},"end":{"line":13,"column":28}},"9":{"start":{"line":14,"column":2},"end":{"line":14,"column":74}},"10":{"start":{"line":14,"column":14},"end":{"line":14,"column":74}},"11":{"start":{"line":16,"column":2},"end":{"line":22,"column":3}},"12":{"start":{"line":17,"column":17},"end":{"line":17,"column":99}},"13":{"start":{"line":18,"column":4},"end":{"line":18,"column":72}},"14":{"start":{"line":18,"column":15},"end":{"line":18,"column":72}},"15":{"start":{"line":19,"column":4},"end":{"line":19,"column":85}},"16":{"start":{"line":21,"column":4},"end":{"line":21,"column":52}},"17":{"start":{"line":26,"column":0},"end":{"line":65,"column":3}},"18":{"start":{"line":27,"column":21},"end":{"line":27,"column":29}},"19":{"start":{"line":28,"column":2},"end":{"line":28,"column":76}},"20":{"start":{"line":28,"column":15},"end":{"line":28,"column":76}},"21":{"start":{"line":30,"column":2},"end":{"line":64,"column":3}},"22":{"start":{"line":31,"column":21},"end":{"line":31,"column":50}},"23":{"start":{"line":32,"column":4},"end":{"line":32,"column":106}},"24":{"start":{"line":32,"column":31},"end":{"line":32,"column":106}},"25":{"start":{"line":34,"column":25},"end":{"line":40,"column":5}},"26":{"start":{"line":42,"column":21},"end":{"line":42,"column":62}},"27":{"start":{"line":44,"column":19},"end":{"line":59,"column":5}},"28":{"start":{"line":45,"column":35},"end":{"line":58,"column":7}},"29":{"start":{"line":61,"column":4},"end":{"line":61,"column":80}},"30":{"start":{"line":63,"column":4},"end":{"line":63,"column":73}},"31":{"start":{"line":67,"column":0},"end":{"line":67,"column":24}}},"fnMap":{"0":{"name":"(anonymous_0)","decl":{"start":{"line":12,"column":19},"end":{"line":12,"column":20}},"loc":{"start":{"line":12,"column":39},"end":{"line":23,"column":1}},"line":12},"1":{"name":"(anonymous_1)","decl":{"start":{"line":26,"column":23},"end":{"line":26,"column":24}},"loc":{"start":{"line":26,"column":43},"end":{"line":65,"column":1}},"line":26},"2":{"name":"(anonymous_2)","decl":{"start":{"line":45,"column":19},"end":{"line":45,"column":20}},"loc":{"start":{"line":45,"column":35},"end":{"line":58,"column":7}},"line":45}},"branchMap":{"0":{"loc":{"start":{"line":14,"column":2},"end":{"line":14,"column":74}},"type":"if","locations":[{"start":{"line":14,"column":2},"end":{"line":14,"column":74}},{"start":{},"end":{}}],"line":14},"1":{"loc":{"start":{"line":18,"column":4},"end":{"line":18,"column":72}},"type":"if","locations":[{"start":{"line":18,"column":4},"end":{"line":18,"column":72}},{"start":{},"end":{}}],"line":18},"2":{"loc":{"start":{"line":28,"column":2},"end":{"line":28,"column":76}},"type":"if","locations":[{"start":{"line":28,"column":2},"end":{"line":28,"column":76}},{"start":{},"end":{}}],"line":28},"3":{"loc":{"start":{"line":32,"column":4},"end":{"line":32,"column":106}},"type":"if","locations":[{"start":{"line":32,"column":4},"end":{"line":32,"column":106}},{"start":{},"end":{}}],"line":32}},"s":{"0":0,"1":0,"2":0,"3":0,"4":0,"5":0,"6":0,"7":0,"8":0,"9":0,"10":0,"11":0,"12":0,"13":0,"14":0,"15":0,"16":0,"17":0,"18":0,"19":0,"20":0,"21":0,"22":0,"23":0,"24":0,"25":0,"26":0,"27":0,"28":0,"29":0,"30":0,"31":0},"f":{"0":0,"1":0,"2":0},"b":{"0":[0,0],"1":[0,0],"2":[0,0],"3":[0,0]}}
,"/Users/keremfirat/Documents/GitHub/cs308-team-29/backend/routes/usb.js": {"path":"/Users/keremfirat/Documents/GitHub/cs308-team-29/backend/routes/usb.js","statementMap":{"0":{"start":{"line":1,"column":16},"end":{"line":1,"column":34}},"1":{"start":{"line":2,"column":15},"end":{"line":2,"column":32}},"2":{"start":{"line":3,"column":17},"end":{"line":3,"column":46}},"3":{"start":{"line":4,"column":21},"end":{"line":4,"column":50}},"4":{"start":{"line":6,"column":15},"end":{"line":6,"column":31}},"5":{"start":{"line":8,"column":0},"end":{"line":35,"column":3}},"6":{"start":{"line":9,"column":20},"end":{"line":9,"column":28}},"7":{"start":{"line":11,"column":2},"end":{"line":13,"column":3}},"8":{"start":{"line":12,"column":4},"end":{"line":12,"column":79}},"9":{"start":{"line":15,"column":2},"end":{"line":34,"column":3}},"10":{"start":{"line":16,"column":16},"end":{"line":16,"column":49}},"11":{"start":{"line":18,"column":4},"end":{"line":20,"column":5}},"12":{"start":{"line":19,"column":6},"end":{"line":19,"column":79}},"13":{"start":{"line":21,"column":4},"end":{"line":23,"column":5}},"14":{"start":{"line":22,"column":6},"end":{"line":22,"column":86}},"15":{"start":{"line":24,"column":4},"end":{"line":26,"column":5}},"16":{"start":{"line":25,"column":6},"end":{"line":25,"column":81}},"17":{"start":{"line":28,"column":4},"end":{"line":28,"column":34}},"18":{"start":{"line":29,"column":4},"end":{"line":29,"column":21}},"19":{"start":{"line":31,"column":4},"end":{"line":31,"column":51}},"20":{"start":{"line":33,"column":4},"end":{"line":33,"column":67}},"21":{"start":{"line":37,"column":0},"end":{"line":49,"column":3}},"22":{"start":{"line":38,"column":2},"end":{"line":48,"column":3}},"23":{"start":{"line":39,"column":16},"end":{"line":44,"column":6}},"24":{"start":{"line":45,"column":4},"end":{"line":45,"column":35}},"25":{"start":{"line":47,"column":4},"end":{"line":47,"column":52}},"26":{"start":{"line":51,"column":0},"end":{"line":58,"column":3}},"27":{"start":{"line":52,"column":2},"end":{"line":57,"column":3}},"28":{"start":{"line":53,"column":19},"end":{"line":53,"column":82}},"29":{"start":{"line":54,"column":4},"end":{"line":54,"column":21}},"30":{"start":{"line":56,"column":4},"end":{"line":56,"column":52}},"31":{"start":{"line":60,"column":0},"end":{"line":60,"column":24}}},"fnMap":{"0":{"name":"(anonymous_0)","decl":{"start":{"line":8,"column":23},"end":{"line":8,"column":24}},"loc":{"start":{"line":8,"column":43},"end":{"line":35,"column":1}},"line":8},"1":{"name":"(anonymous_1)","decl":{"start":{"line":37,"column":39},"end":{"line":37,"column":40}},"loc":{"start":{"line":37,"column":59},"end":{"line":49,"column":1}},"line":37},"2":{"name":"(anonymous_2)","decl":{"start":{"line":51,"column":36},"end":{"line":51,"column":37}},"loc":{"start":{"line":51,"column":56},"end":{"line":58,"column":1}},"line":51}},"branchMap":{"0":{"loc":{"start":{"line":11,"column":2},"end":{"line":13,"column":3}},"type":"if","locations":[{"start":{"line":11,"column":2},"end":{"line":13,"column":3}},{"start":{},"end":{}}],"line":11},"1":{"loc":{"start":{"line":18,"column":4},"end":{"line":20,"column":5}},"type":"if","locations":[{"start":{"line":18,"column":4},"end":{"line":20,"column":5}},{"start":{},"end":{}}],"line":18},"2":{"loc":{"start":{"line":21,"column":4},"end":{"line":23,"column":5}},"type":"if","locations":[{"start":{"line":21,"column":4},"end":{"line":23,"column":5}},{"start":{},"end":{}}],"line":21},"3":{"loc":{"start":{"line":24,"column":4},"end":{"line":26,"column":5}},"type":"if","locations":[{"start":{"line":24,"column":4},"end":{"line":26,"column":5}},{"start":{},"end":{}}],"line":24},"4":{"loc":{"start":{"line":24,"column":8},"end":{"line":24,"column":63}},"type":"binary-expr","locations":[{"start":{"line":24,"column":8},"end":{"line":24,"column":22}},{"start":{"line":24,"column":26},"end":{"line":24,"column":63}}],"line":24},"5":{"loc":{"start":{"line":43,"column":18},"end":{"line":43,"column":44}},"type":"binary-expr","locations":[{"start":{"line":43,"column":18},"end":{"line":43,"column":36}},{"start":{"line":43,"column":40},"end":{"line":43,"column":44}}],"line":43}},"s":{"0":0,"1":0,"2":0,"3":0,"4":0,"5":0,"6":0,"7":0,"8":0,"9":0,"10":0,"11":0,"12":0,"13":0,"14":0,"15":0,"16":0,"17":0,"18":0,"19":0,"20":0,"21":0,"22":0,"23":0,"24":0,"25":0,"26":0,"27":0,"28":0,"29":0,"30":0,"31":0},"f":{"0":0,"1":0,"2":0},"b":{"0":[0,0],"1":[0,0],"2":[0,0],"3":[0,0],"4":[0,0],"5":[0,0]}}
}
